<?xml version="1.0" encoding="UTF-8"?>
<testsuite xmlns:xsi="http://www.w3.org/2001/XMLSchema-instance" xsi:noNamespaceSchemaLocation="https://maven.apache.org/surefire/maven-surefire-plugin/xsd/surefire-test-report.xsd" version="3.0.2" name="com.example.fullStack.FullStackApplicationTests" time="3.046" tests="1" errors="0" skipped="0" failures="0">
  <properties>
[...]
</properties>
  <testcase name="contextLoads" classname="com.example.fullStack.FullStackApplicationTests" time="0.637">
    <system-out><![CDATA[19:13:14.391 [main] INFO org.springframework.test.context.support.AnnotationConfigContextLoaderUtils -- Could not detect default configuration classes for test class [com.example.fullStack.FullStackApplicationTests]: FullStackApplicationTests does not declare any static, non-private, non-final, nested classes annotated with @Configuration.
19:13:14.485 [main] INFO org.springframework.boot.test.context.SpringBootTestContextBootstrapper -- Found @SpringBootConfiguration com.example.fullStack.FullStackApplication for test class com.example.fullStack.FullStackApplicationTests

  .   ____          _            __ _ _
 /\\ / ___'_ __ _ _(_)_ __  __ _ \ \ \ \
( ( )\___ | '_ | '_| | '_ \/ _` | \ \ \ \
 \\/  ___)| |_)| | | | | || (_| |  ) ) ) )
  '  |____| .__|_| |_|_| |_\__, | / / / /
 =========|_|==============|___/=/_/_/_/

 :: Spring Boot ::                (v3.5.5)

2025-09-03T19:13:14.905+03:00  INFO 20536 --- [fullStack] [           main] c.e.fullStack.FullStackApplicationTests  : Starting FullStackApplicationTests using Java 21.0.8 with PID 20536 (started by Коля in C:\Users\Коля\Desktop\programing_projects\fullStack\backend)
2025-09-03T19:13:14.905+03:00  INFO 20536 --- [fullStack] [           main] c.e.fullStack.FullStackApplicationTests  : No active profile set, falling back to 1 default profile: "default"
2025-09-03T19:13:15.408+03:00  INFO 20536 --- [fullStack] [           main] .s.d.r.c.RepositoryConfigurationDelegate : Bootstrapping Spring Data R2DBC repositories in DEFAULT mode.
2025-09-03T19:13:15.424+03:00  INFO 20536 --- [fullStack] [           main] .s.d.r.c.RepositoryConfigurationDelegate : Finished Spring Data repository scanning in 13 ms. Found 0 R2DBC repository interfaces.
2025-09-03T19:13:16.671+03:00  INFO 20536 --- [fullStack] [           main] c.e.fullStack.FullStackApplicationTests  : Started FullStackApplicationTests in 2.028 seconds (process running for 2.894)
]]></system-out>
    <system-err><![CDATA[Mockito is currently self-attaching to enable the inline-mock-maker. This will no longer work in future releases of the JDK. Please add Mockito as an agent to your build as described in Mockito's documentation: https://javadoc.io/doc/org.mockito/mockito-core/latest/org.mockito/org/mockito/Mockito.html#0.3
WARNING: A Java agent has been loaded dynamically (C:\Users\Êîëÿ\.m2\repository\net\bytebuddy\byte-buddy-agent\1.17.7\byte-buddy-agent-1.17.7.jar)
WARNING: If a serviceability tool is in use, please run with -XX:+EnableDynamicAgentLoading to hide this warning
WARNING: If a serviceability tool is not in use, please run with -Djdk.instrument.traceUsage for more information
WARNING: Dynamic loading of agents will be disallowed by default in a future release
]]></system-err>
  </testcase>
</testsuite>